001INF Information: BEGINNING OF THE SYNTHESIS OF THE "EXAM_APP/erreur.vhd" FILE
005INF Information: The "EXAM_APP/erreur.vhd" file was successfully opened 
009INF Information line 2: The library "std" has been detected
009INF Information line 4: The library "ieee" has been detected
010INF Information line 9: The entity "assign" has been detected
011INF Information line 20: The architecture "struct" has been detected
803DEB Debugger line 11: The port "clk" has been detected
803DEB Debugger line 12: The port "rst" has been detected
803DEB Debugger line 13: The port "start" has been detected
803DEB Debugger line 14: The port "done" has been detected
803DEB Debugger line 15: The port "din" has been detected
803DEB Debugger line 16: The port "dout" has been detected
801DEB Debugger line 22: The signal "data_round_in" has been detected
801DEB Debugger line 23: The signal "data_round_out" has been detected
801DEB Debugger line 24: The signal "last_round_signal" has been detected
815DEB Debugger line 30: The connexion has been detected
815DEB Debugger line 33: The connexion has been detected
050INF Information: THE CREATION OF THE DATA TREE IS ENDED
100INF Information: THE REORGANIZATION OF THE LEXEMES IS ENDED
239ERR Error line 33: "start" must be followed by a valid gate name
004INF Information: The option to close when we encounter an error is turned on, so the program will be killed
